* using log directory ‘/home/runner/work/vivainsights/vivainsights/vivainsights.Rcheck’
* using R version 4.3.3 (2024-02-29)
* using platform: x86_64-pc-linux-gnu (64-bit)
* R was compiled by
    gcc (Ubuntu 13.2.0-23ubuntu3) 13.2.0
    GNU Fortran (Ubuntu 13.2.0-23ubuntu3) 13.2.0
* running under: Ubuntu 24.04.2 LTS
* using session charset: UTF-8
* using option ‘--no-manual’
* checking for file ‘vivainsights/DESCRIPTION’ ... OK
* checking extension type ... Package
* this is package ‘vivainsights’ version ‘0.6.1.9001’
* package encoding: UTF-8
* checking package namespace information ... OK
* checking package dependencies ... ERROR
Packages required but not available:
  'dplyr', 'tidyr', 'tidyselect', 'magrittr', 'ggplot2', 'reshape2',
  'scales', 'ggrepel', 'purrr', 'data.table', 'htmltools', 'markdown',
  'networkD3', 'rmarkdown', 'wpa', 'ggraph', 'igraph', 'tidytext',
  'ggwordcloud', 'lifecycle', 'glue'

Packages suggested but not available:
  'flexdashboard', 'testthat', 'lmtest', 'sandwich', 'slider'

The suggested packages are required for a complete check.
Checking can be attempted without them by setting the environment
variable _R_CHECK_FORCE_SUGGESTS_ to a false value.

See section ‘The DESCRIPTION file’ in the ‘Writing R Extensions’
manual.
* DONE
Status: 1 ERROR
